[1, 5] [1, 24] [1, 8] [3, 3]
2, 1, (1)
2, 2, (1)
2, 3, (1)
2, 4, (1)
2, 5, (1)
2, 6, (1)
2, 7, (1)
2, 8, (1)
2, 9, (5)
2, 10, (5)
2, 11, (5)
2, 12, (5)
2, 13, (5)
2, 14, (5)
2, 15, (4)
2, 16, (4)
2, 17, (4)
2, 18, (4)
2, 19, (5)
2, 20, (5)
2, 21, (4)
2, 22, (1)
2, 23, (1)
2, 24, (1)
5, 1, (8)
5, 2, (8)
5, 3, (8)
5, 4, (8)
5, 5, (8)
5, 6, (8)
5, 7, (8)
5, 8, (8)
5, 9, (8)
5, 10, (8)
5, 11, (8)
5, 12, (8)
5, 13, (8)
5, 14, (8)
5, 15, (8)
5, 16, (8)
5, 17, (8)
5, 18, (8)
5, 19, (8)
5, 20, (8)
5, 21, (8)
5, 22, (8)
5, 23, (8)
5, 24, (8)