[1, 5] [1, 168] [1, 8] [5, 5]
2, 1, (1)
2, 2, (1)
2, 3, (1)
2, 4, (1)
2, 5, (1)
2, 6, (1)
2, 7, (1)
2, 8, (1)
2, 9, (5)
2, 10, (5)
2, 11, (5)
2, 12, (5)
2, 13, (5)
2, 14, (5)
2, 15, (4)
2, 16, (4)
2, 17, (4)
2, 18, (4)
2, 19, (5)
2, 20, (5)
2, 21, (4)
2, 22, (1)
2, 23, (1)
2, 24, (1)
2, 25, (1)
2, 26, (1)
2, 27, (1)
2, 28, (1)
2, 29, (1)
2, 30, (1)
2, 31, (1)
2, 32, (1)
2, 33, (1)
2, 34, (2)
2, 35, (2)
2, 36, (2)
2, 37, (1)
2, 38, (1)
2, 39, (1)
2, 40, (2)
2, 41, (2)
2, 42, (2)
2, 43, (1)
2, 44, (1)
2, 45, (1)
2, 46, (1)
2, 47, (1)
2, 48, (1)
2, 49, (1)
2, 50, (1)
2, 51, (1)
2, 52, (1)
2, 53, (1)
2, 54, (1)
2, 55, (1)
2, 56, (1)
2, 57, (1)
2, 58, (1)
2, 59, (1)
2, 60, (1)
2, 61, (1)
2, 62, (1)
2, 63, (1)
2, 64, (1)
2, 65, (1)
2, 66, (1)
2, 67, (1)
2, 68, (1)
2, 69, (1)
2, 70, (1)
2, 71, (1)
2, 72, (1)
2, 73, (1)
2, 74, (1)
2, 75, (1)
2, 76, (1)
2, 77, (1)
2, 78, (1)
2, 79, (1)
2, 80, (1)
2, 81, (1)
2, 82, (3)
2, 83, (7)
2, 84, (7)
2, 85, (3)
2, 86, (3)
2, 87, (3)
2, 88, (3)
2, 89, (3)
2, 90, (3)
2, 91, (3)
2, 92, (3)
2, 93, (3)
2, 94, (3)
2, 95, (1)
2, 96, (1)
2, 97, (1)
2, 98, (1)
2, 99, (1)
2, 100, (1)
2, 101, (1)
2, 102, (1)
2, 103, (1)
2, 104, (2)
2, 105, (6)
2, 106, (3)
2, 107, (3)
2, 108, (3)
2, 109, (3)
2, 110, (3)
2, 111, (3)
2, 112, (3)
2, 113, (6)
2, 114, (6)
2, 115, (6)
2, 116, (6)
2, 117, (6)
2, 118, (6)
2, 119, (6)
2, 120, (6)
2, 121, (7)
2, 122, (7)
2, 123, (7)
2, 124, (7)
2, 125, (7)
2, 126, (7)
2, 127, (3)
2, 128, (3)
2, 129, (2)
2, 130, (2)
2, 131, (2)
2, 132, (2)
2, 133, (1)
2, 134, (1)
2, 135, (1)
2, 136, (4)
2, 137, (3)
2, 138, (3)
2, 139, (3)
2, 140, (3)
2, 141, (3)
2, 142, (3)
2, 143, (3)
2, 144, (3)
2, 145, (3)
2, 146, (3)
2, 147, (3)
2, 148, (3)
2, 149, (3)
2, 150, (3)
2, 151, (3)
2, 152, (3)
2, 153, (3)
2, 154, (3)
2, 155, (3)
2, 156, (3)
2, 157, (3)
2, 158, (3)
2, 159, (3)
2, 160, (3)
2, 161, (3)
2, 162, (3)
2, 163, (3)
2, 164, (3)
2, 165, (3)
2, 166, (3)
2, 167, (3)
2, 168, (3)
5, 1, (8)
5, 2, (8)
5, 3, (8)
5, 4, (8)
5, 5, (8)
5, 6, (8)
5, 7, (8)
5, 8, (8)
5, 9, (8)
5, 10, (8)
5, 11, (8)
5, 12, (8)
5, 13, (8)
5, 14, (8)
5, 15, (8)
5, 16, (8)
5, 17, (8)
5, 18, (8)
5, 19, (8)
5, 20, (8)
5, 21, (8)
5, 22, (8)
5, 23, (8)
5, 24, (8)
5, 25, (8)
5, 26, (8)
5, 27, (8)
5, 28, (8)
5, 29, (8)
5, 30, (8)
5, 31, (8)
5, 32, (8)
5, 33, (8)
5, 34, (8)
5, 35, (8)
5, 36, (8)
5, 37, (8)
5, 38, (8)
5, 39, (8)
5, 40, (8)
5, 41, (8)
5, 42, (8)
5, 43, (8)
5, 44, (8)
5, 45, (8)
5, 46, (8)
5, 47, (8)
5, 48, (8)
5, 49, (8)
5, 50, (8)
5, 51, (8)
5, 52, (8)
5, 53, (8)
5, 54, (8)
5, 55, (8)
5, 56, (8)
5, 57, (8)
5, 58, (8)
5, 59, (8)
5, 60, (8)
5, 61, (8)
5, 62, (8)
5, 63, (8)
5, 64, (8)
5, 65, (8)
5, 66, (8)
5, 67, (8)
5, 68, (8)
5, 69, (8)
5, 70, (8)
5, 71, (8)
5, 72, (8)
5, 73, (8)
5, 74, (8)
5, 75, (8)
5, 76, (8)
5, 77, (8)
5, 78, (8)
5, 79, (8)
5, 80, (8)
5, 81, (8)
5, 82, (8)
5, 83, (8)
5, 84, (8)
5, 85, (8)
5, 86, (8)
5, 87, (8)
5, 88, (8)
5, 89, (8)
5, 90, (8)
5, 91, (8)
5, 92, (8)
5, 93, (8)
5, 94, (8)
5, 95, (8)
5, 96, (8)
5, 97, (8)
5, 98, (8)
5, 99, (8)
5, 100, (8)
5, 101, (8)
5, 102, (8)
5, 103, (8)
5, 104, (8)
5, 105, (8)
5, 106, (8)
5, 107, (8)
5, 108, (8)
5, 109, (8)
5, 110, (8)
5, 111, (8)
5, 112, (8)
5, 113, (8)
5, 114, (8)
5, 115, (8)
5, 116, (8)
5, 117, (8)
5, 118, (7)
5, 119, (7)
5, 120, (7)
5, 121, (7)
5, 122, (8)
5, 123, (8)
5, 124, (8)
5, 125, (8)
5, 126, (8)
5, 127, (8)
5, 128, (8)
5, 129, (8)
5, 130, (8)
5, 131, (8)
5, 132, (8)
5, 133, (8)
5, 134, (8)
5, 135, (8)
5, 136, (4)
5, 137, (4)
5, 138, (4)
5, 139, (4)
5, 140, (4)
5, 141, (4)
5, 142, (4)
5, 143, (4)
5, 144, (4)
5, 145, (4)
5, 146, (4)
5, 147, (4)
5, 148, (4)
5, 149, (4)
5, 150, (4)
5, 151, (4)
5, 152, (6)
5, 153, (6)
5, 154, (6)
5, 155, (6)
5, 156, (6)
5, 157, (8)
5, 158, (8)
5, 159, (8)
5, 160, (8)
5, 161, (8)
5, 162, (8)
5, 163, (8)
5, 164, (8)
5, 165, (8)
5, 166, (7)
5, 167, (7)
5, 168, (7)