[1, 5] [1, 24] [1, 8] [3, 3]
2, 1, ()| 1
2, 2, (1)| 0
2, 3, (1)| 0
2, 4, ()| 1
2, 5, ()| 1
2, 6, (1)| 0
2, 7, (1)| 0
2, 8, ()| 1
2, 9, (5)| 0
2, 10, (5)| 0
2, 11, ()| 1
2, 12, ()| 1
2, 13, (5)| 0
2, 14, ()| 1
2, 15, ()| 1
2, 16, ()| 1
2, 17, ()| 1
2, 18, ()| 1
2, 19, ()| 1
2, 20, ()| 1
2, 21, (4)| 0
2, 22, (1)| 0
2, 23, (1)| 0
2, 24, ()| 1
5, 1, ()| 1
5, 2, ()| 1
5, 3, ()| 1
5, 4, ()| 1
5, 5, (8)| 0
5, 6, (8)| 0
5, 7, ()| 1
5, 8, ()| 1
5, 9, (8)| 0
5, 10, (8)| 0
5, 11, ()| 1
5, 12, ()| 1
5, 13, (8)| 0
5, 14, ()| 1
5, 15, ()| 1
5, 16, ()| 1
5, 17, ()| 1
5, 18, ()| 1
5, 19, (8)| 0
5, 20, ()| 1
5, 21, ()| 1
5, 22, ()| 1
5, 23, (8)| 0
5, 24, (8)| 0