[1, 5] [1, 24] [1, 8] [3, 3]
2, 1, (2, 4, 9)| 1
2, 2, (1)| 0
2, 3, (1)| 0
2, 4, (2, 9)| 1
2, 5, (2, 8)| 1
2, 6, (1)| 0
2, 7, (1)| 0
2, 8, (3)| 1
2, 9, (5)| 0
2, 10, (5)| 0
2, 11, (4)| 1
2, 12, (6, 9)| 1
2, 13, (5)| 0
2, 14, (1, 6, 9)| 1
2, 15, (7)| 1
2, 16, (2, 5)| 1
2, 17, (2, 5, 6, 7)| 1
2, 18, (1, 6, 8)| 1
2, 19, (1, 2, 8)| 1
2, 20, (2, 4, 7)| 1
2, 21, (4)| 0
2, 22, (1)| 0
2, 23, (1)| 0
2, 24, (4, 7, 8)| 1
5, 1, (3, 6)| 1
5, 2, (3, 6, 8)| 1
5, 3, (4)| 1
5, 4, (2, 9)| 1
5, 5, (8)| 0
5, 6, (8)| 0
5, 7, (2, 3, 4, 9)| 1
5, 8, (3, 5, 8)| 1
5, 9, (8)| 0
5, 10, (8)| 0
5, 11, (5, 8, 9)| 1
5, 12, (1, 4, 9)| 1
5, 13, (8)| 0
5, 14, (1, 4, 5)| 1
5, 15, (3)| 1
5, 16, (3, 5, 7)| 1
5, 17, (1, 7)| 1
5, 18, (6, 9)| 1
5, 19, (8)| 0
5, 20, (1, 6, 9)| 1
5, 21, (7)| 1
5, 22, (2, 5)| 1
5, 23, (8)| 0
5, 24, (8)| 0