[1, 5] [1, 24] [1, 8] [3, 3]
2, 1, (5)| 0
2, 2, (3)| 0
2, 3, (3)| 1
2, 4, (7)| 1
2, 5, (7)| 1
2, 6, (7)| 1
2, 7, (7)| 0
2, 8, (7)| 0
2, 9, (7)| 0
2, 10, (7)| 0
2, 11, (7)| 1
2, 12, (7)| 1
2, 13, (7)| 1
2, 14, (7)| 0
2, 15, (5)| 1
2, 16, (5)| 0
2, 17, (5)| 1
2, 18, (5)| 0
2, 19, (5)| 0
2, 20, (5)| 1
2, 21, (5)| 0
2, 22, (5)| 1
2, 23, (5)| 1
2, 24, (5)| 1
1, 1, (0)| 0
1, 2, (0)| 1
1, 3, (0)| 0
1, 4, (0)| 0
1, 5, (0)| 0
1, 6, (0)| 1
1, 7, (0)| 0
1, 8, (0)| 1
1, 9, (0)| 0
1, 10, (0)| 0
1, 11, (0)| 1
1, 12, (2)| 0
1, 13, (2)| 0
1, 14, (2)| 1
1, 15, (7)| 0
1, 16, (7)| 0
1, 17, (7)| 1
1, 18, (7)| 0
1, 19, (7)| 1
1, 20, (7)| 0
1, 21, (7)| 0
1, 22, (7)| 0
1, 23, (7)| 1
1, 24, (7)| 0
5, 1, (1)| 1
5, 2, (1)| 0
5, 3, (1)| 0
5, 4, (1)| 1
5, 5, (1)| 1
5, 6, (1)| 0
5, 7, (1)| 0
5, 8, (1)| 1
5, 9, (5)| 0
5, 10, (5)| 0
5, 11, (5)| 1
5, 12, (5)| 1
5, 13, (5)| 0
5, 14, (5)| 1
5, 15, (4)| 1
5, 16, (4)| 1
5, 17, (4)| 1
5, 18, (4)| 1
5, 19, (5)| 1
5, 20, (5)| 1
5, 21, (4)| 0
5, 22, (1)| 0
5, 23, (1)| 0
5, 24, (1)| 1
4, 1, (7)| 1
4, 2, (7)| 1
4, 3, (7)| 1
4, 4, (7)| 1
4, 5, (7)| 0
4, 6, (7)| 1
4, 7, (1)| 0
4, 8, (1)| 1
4, 9, (1)| 0
4, 10, (1)| 0
4, 11, (1)| 1
4, 12, (1)| 1
4, 13, (1)| 0
4, 14, (3)| 1
4, 15, (3)| 0
4, 16, (3)| 1
4, 17, (3)| 1
4, 18, (1)| 0
4, 19, (1)| 0
4, 20, (1)| 1
4, 21, (1)| 1
4, 22, (7)| 1
4, 23, (6)| 0
4, 24, (6)| 0
3, 1, (8)| 1
3, 2, (8)| 1
3, 3, (8)| 1
3, 4, (8)| 1
3, 5, (8)| 0
3, 6, (8)| 0
3, 7, (8)| 1
3, 8, (8)| 1
3, 9, (8)| 0
3, 10, (8)| 0
3, 11, (8)| 1
3, 12, (8)| 1
3, 13, (8)| 0
3, 14, (8)| 1
3, 15, (8)| 1
3, 16, (8)| 1
3, 17, (8)| 1
3, 18, (8)| 1
3, 19, (8)| 0
3, 20, (8)| 1
3, 21, (8)| 1
3, 22, (8)| 1
3, 23, (8)| 0
3, 24, (8)| 0