[1, 5] [1, 24] [1, 8] [3, 3]
2, 1, (1)| 1
2, 2, (1)| 0
2, 3, (1)| 0
2, 4, (1)| 1
2, 5, (1)| 1
2, 6, (1)| 0
2, 7, (1)| 0
2, 8, (1)| 1
2, 9, (5)| 0
2, 10, (5)| 0
2, 11, (5)| 1
2, 12, (5)| 1
2, 13, (5)| 0
2, 14, (5)| 1
2, 15, (4)| 1
2, 16, (4)| 1
2, 17, (4)| 1
2, 18, (4)| 1
2, 19, (5)| 1
2, 20, (5)| 1
2, 21, (4)| 0
2, 22, (1)| 0
2, 23, (1)| 0
2, 24, (1)| 1
5, 1, (8)| 1
5, 2, (8)| 1
5, 3, (8)| 1
5, 4, (8)| 1
5, 5, (8)| 0
5, 6, (8)| 0
5, 7, (8)| 1
5, 8, (8)| 1
5, 9, (8)| 0
5, 10, (8)| 0
5, 11, (8)| 1
5, 12, (8)| 1
5, 13, (8)| 0
5, 14, (8)| 1
5, 15, (8)| 1
5, 16, (8)| 1
5, 17, (8)| 1
5, 18, (8)| 1
5, 19, (8)| 0
5, 20, (8)| 1
5, 21, (8)| 1
5, 22, (8)| 1
5, 23, (8)| 0
5, 24, (8)| 0